#-----------------------------------------------------------
# Webtalk v2018.3 (64-bit)
# SW Build 2405991 on Thu Dec  6 23:38:27 MST 2018
# 
# Start of session at: Tue May  7 05:44:42 2019
# Process ID: 20328
# Current directory: C:/Users/felip/mb_server/mb_server.sdk/webtalk
# Command line: wbtcv.exe -mode batch -source sdk_webtalk.tcl
# Log file: C:/Users/felip/mb_server/mb_server.sdk/webtalk/webtalk.log
# Journal file: C:/Users/felip/mb_server/mb_server.sdk/webtalk\webtalk.jou
#-----------------------------------------------------------
source sdk_webtalk.tcl
# webtalk_init -webtalk_dir C:\\Users\\felip\\mb_server\\mb_server.sdk\\webtalk
# webtalk_register_client -client project
# webtalk_add_data -client project -key date_generated -value "2019-05-07 06:44:39" -context "software_version_and_target_device"
# webtalk_add_data -client project -key product_version -value "SDK v2018.3" -context "software_version_and_target_device"
# webtalk_add_data -client project -key build_version -value "2018.3" -context "software_version_and_target_device"
# webtalk_add_data -client project -key os_platform -value "amd64" -context "software_version_and_target_device"
# webtalk_add_data -client project -key registration_id -value "211590861_0_0_221" -context "software_version_and_target_device"
# webtalk_add_data -client project -key tool_flow -value "SDK" -context "software_version_and_target_device"
# webtalk_add_data -client project -key beta -value "false" -context "software_version_and_target_device"
# webtalk_add_data -client project -key route_design -value "NA" -context "software_version_and_target_device"
# webtalk_add_data -client project -key target_family -value "NA" -context "software_version_and_target_device"
# webtalk_add_data -client project -key target_device -value "NA" -context "software_version_and_target_device"
# webtalk_add_data -client project -key target_package -value "NA" -context "software_version_and_target_device"
# webtalk_add_data -client project -key target_speed -value "NA" -context "software_version_and_target_device"
# webtalk_add_data -client project -key random_id -value "5hfaqa7kvk52fqqfraa2n9fth2" -context "software_version_and_target_device"
# webtalk_add_data -client project -key project_id -value "2018.3_13" -context "software_version_and_target_device"
# webtalk_add_data -client project -key project_iteration -value "13" -context "software_version_and_target_device"
# webtalk_add_data -client project -key os_name -value "Microsoft Windows 8 or later , 64-bit" -context "user_environment"
# webtalk_add_data -client project -key os_release -value "major release  (build 9200)" -context "user_environment"
# webtalk_add_data -client project -key cpu_name -value "Intel(R) Core(TM) i5-7300HQ CPU @ 2.50GHz" -context "user_environment"
# webtalk_add_data -client project -key cpu_speed -value "2496 MHz" -context "user_environment"
# webtalk_add_data -client project -key total_processors -value "1" -context "user_environment"
# webtalk_add_data -client project -key system_ram -value "8.468 GB" -context "user_environment"
# webtalk_register_client -client sdk
# webtalk_add_data -client sdk -key uid -value "1557212342777" -context "sdk\\\\bsp/1557212342777"
# webtalk_add_data -client sdk -key hwid -value "1551669863423" -context "sdk\\\\bsp/1557212342777"
# webtalk_add_data -client sdk -key os -value "standalone" -context "sdk\\\\bsp/1557212342777"
# webtalk_add_data -client sdk -key apptemplate -value "lwip_echo_server" -context "sdk\\\\bsp/1557212342777"
# webtalk_add_data -client sdk -key RecordType -value "BSPCreation" -context "sdk\\\\bsp/1557212342777"
# webtalk_add_data -client sdk -key uid -value "1557212345880" -context "sdk\\\\application/1557212345880"
# webtalk_add_data -client sdk -key hwid -value "1551669863423" -context "sdk\\\\application/1557212345880"
# webtalk_add_data -client sdk -key bspid -value "1557212342777" -context "sdk\\\\application/1557212345880"
# webtalk_add_data -client sdk -key newbsp -value "true" -context "sdk\\\\application/1557212345880"
# webtalk_add_data -client sdk -key os -value "standalone" -context "sdk\\\\application/1557212345880"
# webtalk_add_data -client sdk -key apptemplate -value "lwip_echo_server" -context "sdk\\\\application/1557212345880"
# webtalk_add_data -client sdk -key RecordType -value "APPCreation" -context "sdk\\\\application/1557212345880"
# webtalk_add_data -client sdk -key LangUsed -value "C" -context "sdk\\\\application/1557212345880"
# webtalk_add_data -client sdk -key Procused -value "microblaze" -context "sdk\\\\application/1557212345880"
# webtalk_add_data -client sdk -key projSize -value "271.37890625" -context "sdk\\\\application/1557212345880"
# webtalk_add_data -client sdk -key uid -value "NA" -context "sdk\\\\bsp/1557222279089"
# webtalk_add_data -client sdk -key RecordType -value "ToolUsage" -context "sdk\\\\bsp/1557222279089"
# webtalk_add_data -client sdk -key BootgenCount -value "0" -context "sdk\\\\bsp/1557222279089"
# webtalk_add_data -client sdk -key DebugCount -value "9" -context "sdk\\\\bsp/1557222279089"
# webtalk_add_data -client sdk -key PerfCount -value "1" -context "sdk\\\\bsp/1557222279089"
# webtalk_add_data -client sdk -key FlashCount -value "0" -context "sdk\\\\bsp/1557222279089"
# webtalk_add_data -client sdk -key CrossTriggCount -value "0" -context "sdk\\\\bsp/1557222279089"
# webtalk_add_data -client sdk -key QemuDebugCount -value "0" -context "sdk\\\\bsp/1557222279089"
# webtalk_transmit -clientid 3293998951 -regid "211590861_0_0_221" -xml C:\\Users\\felip\\mb_server\\mb_server.sdk\\webtalk\\usage_statistics_ext_sdk.xml -html C:\\Users\\felip\\mb_server\\mb_server.sdk\\webtalk\\usage_statistics_ext_sdk.html -wdm C:\\Users\\felip\\mb_server\\mb_server.sdk\\webtalk\\sdk_webtalk.wdm -intro "<H3>SDK Usage Report</H3><BR>"
# webtalk_terminate
INFO: [Common 17-206] Exiting Webtalk at Tue May  7 05:44:44 2019...
